<?xml version="1.0" encoding="UTF-8"?>
<testng-results ignored="0" total="3" passed="3" failed="0" skipped="0">
  <reporter-output>
  </reporter-output>
  <suite started-at="2017-11-21T10:04:47Z" name="Default suite" finished-at="2017-11-21T10:05:15Z" duration-ms="27636">
    <groups>
    </groups>
    <test started-at="2017-11-21T10:04:47Z" name="Default test" finished-at="2017-11-21T10:05:15Z" duration-ms="27636">
      <class name="test">
        <test-method is-config="true" signature="beforeMethod()[pri:0, instance:test@7a419da4]" started-at="2017-11-21T11:04:47Z" name="beforeMethod" finished-at="2017-11-21T11:04:52Z" duration-ms="4326" status="PASS">
          <reporter-output>
          </reporter-output>
        </test-method> <!-- beforeMethod -->
        <test-method signature="forgotPassword()[pri:0, instance:test@7a419da4]" started-at="2017-11-21T11:04:52Z" name="forgotPassword" finished-at="2017-11-21T11:04:53Z" duration-ms="1384" status="PASS">
          <reporter-output>
          </reporter-output>
        </test-method> <!-- forgotPassword -->
        <test-method is-config="true" signature="quit()[pri:0, instance:test@7a419da4]" started-at="2017-11-21T11:04:53Z" name="quit" finished-at="2017-11-21T11:04:53Z" duration-ms="95" status="PASS">
          <reporter-output>
          </reporter-output>
        </test-method> <!-- quit -->
        <test-method is-config="true" signature="beforeMethod()[pri:0, instance:test@7a419da4]" started-at="2017-11-21T11:04:53Z" name="beforeMethod" finished-at="2017-11-21T11:05:00Z" duration-ms="6510" status="PASS">
          <reporter-output>
          </reporter-output>
        </test-method> <!-- beforeMethod -->
        <test-method signature="successfulLogin()[pri:0, instance:test@7a419da4]" started-at="2017-11-21T11:05:00Z" name="successfulLogin" finished-at="2017-11-21T11:05:08Z" duration-ms="8556" status="PASS">
          <reporter-output>
          </reporter-output>
        </test-method> <!-- successfulLogin -->
        <test-method is-config="true" signature="quit()[pri:0, instance:test@7a419da4]" started-at="2017-11-21T11:05:08Z" name="quit" finished-at="2017-11-21T11:05:08Z" duration-ms="148" status="PASS">
          <reporter-output>
          </reporter-output>
        </test-method> <!-- quit -->
        <test-method is-config="true" signature="beforeMethod()[pri:0, instance:test@7a419da4]" started-at="2017-11-21T11:05:08Z" name="beforeMethod" finished-at="2017-11-21T11:05:13Z" duration-ms="5110" status="PASS">
          <reporter-output>
          </reporter-output>
        </test-method> <!-- beforeMethod -->
        <test-method signature="unsuccessfulLogin()[pri:0, instance:test@7a419da4]" started-at="2017-11-21T11:05:13Z" name="unsuccessfulLogin" finished-at="2017-11-21T11:05:15Z" duration-ms="1398" status="PASS">
          <reporter-output>
          </reporter-output>
        </test-method> <!-- unsuccessfulLogin -->
        <test-method is-config="true" signature="quit()[pri:0, instance:test@7a419da4]" started-at="2017-11-21T11:05:15Z" name="quit" finished-at="2017-11-21T11:05:15Z" duration-ms="85" status="PASS">
          <reporter-output>
          </reporter-output>
        </test-method> <!-- quit -->
      </class> <!-- test -->
    </test> <!-- Default test -->
  </suite> <!-- Default suite -->
</testng-results>
